<?xml version="1.0" encoding="UTF-8" ?>
<testsuite tests="16" failures="2" name="com.unibet.api.tests.RunCucumberTests" time="3.396" errors="4" skipped="2">
  <properties>
[...]
</properties>
  <testcase classname="Given New post details &quot;122&quot; &quot;224&quot; &quot;football&quot; &quot;excellent&quot;     " name="Given New post details &quot;122&quot; &quot;224&quot; &quot;football&quot; &quot;excellent&quot;     " time="0.002"/>
  <testcase classname="When Add new post details      " name="When Add new post details      " time="0"/>
  <testcase classname="Then Post added successfully       " name="Then Post added successfully       " time="0"/>
  <testcase classname="| 122 | 224 | football | excellent |    " name="| 122 | 224 | football | excellent |    " time="0.001"/>
  <testcase classname="Given Post Identifier as &quot;224&quot;           " name="Given Post Identifier as &quot;224&quot;           " time="0"/>
  <testcase classname="When Get the post details            " name="When Get the post details            " time="0.002">
    <error message="1" type="java.lang.ArrayIndexOutOfBoundsException">java.lang.ArrayIndexOutOfBoundsException: 1
	at com.unibet.api.tests.AbstractTest.convertResponseToPost(AbstractTest.java:49)
	at com.unibet.api.tests.AbstractTest.getPost(AbstractTest.java:76)
	at com.unibet.api.tests.PostSteps.Get_the_post_details(PostSteps.java:57)
	at ✽.When Get the post details(com/unibet/api/tests/posts.feature:14)
</error>
  </testcase>
  <testcase classname="| 224 |          " name="| 224 |          " time="0.003">
    <error message="1" type="java.lang.ArrayIndexOutOfBoundsException">java.lang.ArrayIndexOutOfBoundsException: 1
	at com.unibet.api.tests.AbstractTest.convertResponseToPost(AbstractTest.java:49)
	at com.unibet.api.tests.AbstractTest.getPost(AbstractTest.java:76)
	at com.unibet.api.tests.PostSteps.Get_the_post_details(PostSteps.java:57)
	at ✽.When Get the post details(com/unibet/api/tests/posts.feature:14)
</error>
  </testcase>
  <testcase classname="Then Verify the retrieved post details with id             " name="Then Verify the retrieved post details with id             " time="0.008">
    <skipped/>
  </testcase>
  <testcase classname="Given Post Id &quot;224&quot; to update &quot;122&quot; &quot;football&quot; &quot;very good&quot;                 " name="Given Post Id &quot;224&quot; to update &quot;122&quot; &quot;football&quot; &quot;very good&quot;                 " time="0"/>
  <testcase classname="When Update the post details                  " name="When Update the post details                  " time="0.001">
    <error message="1" type="java.lang.ArrayIndexOutOfBoundsException">java.lang.ArrayIndexOutOfBoundsException: 1
	at com.unibet.api.tests.AbstractTest.convertResponseToPost(AbstractTest.java:49)
	at com.unibet.api.tests.AbstractTest.updatePost(AbstractTest.java:88)
	at com.unibet.api.tests.PostSteps.Update_the_post_details(PostSteps.java:78)
	at ✽.When Update the post details(com/unibet/api/tests/posts.feature:22)
</error>
  </testcase>
  <testcase classname="| 122 | 224 | football | very good |                " name="| 122 | 224 | football | very good |                " time="0.001">
    <error message="1" type="java.lang.ArrayIndexOutOfBoundsException">java.lang.ArrayIndexOutOfBoundsException: 1
	at com.unibet.api.tests.AbstractTest.convertResponseToPost(AbstractTest.java:49)
	at com.unibet.api.tests.AbstractTest.updatePost(AbstractTest.java:88)
	at com.unibet.api.tests.PostSteps.Update_the_post_details(PostSteps.java:78)
	at ✽.When Update the post details(com/unibet/api/tests/posts.feature:22)
</error>
  </testcase>
  <testcase classname="Then Get the post details as modified &quot;122&quot; &quot;224&quot; &quot;football&quot; &quot;very good&quot;                   " name="Then Get the post details as modified &quot;122&quot; &quot;224&quot; &quot;football&quot; &quot;very good&quot;                   " time="0.003">
    <skipped/>
  </testcase>
  <testcase classname="Given Post Identifier as &quot;224&quot;                       " name="Given Post Identifier as &quot;224&quot;                       " time="0.001"/>
  <testcase classname="When Delete the post details                        " name="When Delete the post details                        " time="0"/>
  <testcase classname="Then Post deleted successfully                         " name="Then Post deleted successfully                         " time="0.001">
    <failure type="junit.framework.AssertionFailedError">junit.framework.AssertionFailedError
	at junit.framework.Assert.fail(Assert.java:48)
	at junit.framework.Assert.assertTrue(Assert.java:20)
	at junit.framework.Assert.assertTrue(Assert.java:27)
	at com.unibet.api.tests.PostSteps.Post_deleted_successfully(PostSteps.java:97)
	at ✽.Then Post deleted successfully(com/unibet/api/tests/posts.feature:31)
</failure>
  </testcase>
  <testcase classname="| 224 |                      " name="| 224 |                      " time="0.001">
    <failure type="junit.framework.AssertionFailedError">junit.framework.AssertionFailedError
	at junit.framework.Assert.fail(Assert.java:48)
	at junit.framework.Assert.assertTrue(Assert.java:20)
	at junit.framework.Assert.assertTrue(Assert.java:27)
	at com.unibet.api.tests.PostSteps.Post_deleted_successfully(PostSteps.java:97)
	at ✽.Then Post deleted successfully(com/unibet/api/tests/posts.feature:31)
</failure>
  </testcase>
</testsuite>