<?xml version="1.0" encoding="UTF-8" ?>
<testsuite tests="16" failures="2" name="com.unibet.api.tests.RunCucumberTests" time="3.396" errors="4" skipped="2">
  <properties>
    <property name="java.runtime.name" value="Java(TM) SE Runtime Environment"/>
    <property name="sun.boot.library.path" value="/Library/Java/JavaVirtualMachines/jdk1.8.0_152.jdk/Contents/Home/jre/lib"/>
    <property name="java.vm.version" value="25.152-b16"/>
    <property name="gopherProxySet" value="false"/>
    <property name="java.vm.vendor" value="Oracle Corporation"/>
    <property name="java.vendor.url" value="http://java.oracle.com/"/>
    <property name="path.separator" value=":"/>
    <property name="java.vm.name" value="Java HotSpot(TM) 64-Bit Server VM"/>
    <property name="file.encoding.pkg" value="sun.io"/>
    <property name="user.country" value="GB"/>
    <property name="sun.java.launcher" value="SUN_STANDARD"/>
    <property name="sun.os.patch.level" value="unknown"/>
    <property name="java.vm.specification.name" value="Java Virtual Machine Specification"/>
    <property name="user.dir" value="/Users/shiva/workspace/RestAPITestLatest"/>
    <property name="java.runtime.version" value="1.8.0_152-b16"/>
    <property name="java.awt.graphicsenv" value="sun.awt.CGraphicsEnvironment"/>
    <property name="basedir" value="/Users/shiva/workspace/RestAPITestLatest"/>
    <property name="java.endorsed.dirs" value="/Library/Java/JavaVirtualMachines/jdk1.8.0_152.jdk/Contents/Home/jre/lib/endorsed"/>
    <property name="os.arch" value="x86_64"/>
    <property name="surefire.real.class.path" value="/var/folders/q8/mzsvfbjn237064jr6t_pr_200000gn/T/surefirebooter8390010480178205233.jar"/>
    <property name="java.io.tmpdir" value="/var/folders/q8/mzsvfbjn237064jr6t_pr_200000gn/T/"/>
    <property name="line.separator" value="
"/>
    <property name="java.vm.specification.vendor" value="Oracle Corporation"/>
    <property name="os.name" value="Mac OS X"/>
    <property name="sun.jnu.encoding" value="UTF-8"/>
    <property name="java.library.path" value="/Users/shiva/Library/Java/Extensions:/Library/Java/Extensions:/Network/Library/Java/Extensions:/System/Library/Java/Extensions:/usr/lib/java:."/>
    <property name="surefire.test.class.path" value="/Users/shiva/workspace/RestAPITestLatest/target/test-classes:/Users/shiva/workspace/RestAPITestLatest/target/classes:/Users/shiva/.m2/repository/com/sun/jersey/jersey-client/1.8/jersey-client-1.8.jar:/Users/shiva/.m2/repository/com/sun/jersey/jersey-core/1.8/jersey-core-1.8.jar:/Users/shiva/.m2/repository/info/cukes/cucumber-java/1.0.14/cucumber-java-1.0.14.jar:/Users/shiva/.m2/repository/info/cukes/cucumber-core/1.0.14/cucumber-core-1.0.14.jar:/Users/shiva/.m2/repository/info/cukes/cucumber-junit/1.0.14/cucumber-junit-1.0.14.jar:/Users/shiva/.m2/repository/junit/junit/4.10/junit-4.10.jar:/Users/shiva/.m2/repository/org/hamcrest/hamcrest-core/1.1/hamcrest-core-1.1.jar:"/>
    <property name="java.specification.name" value="Java Platform API Specification"/>
    <property name="java.class.version" value="52.0"/>
    <property name="sun.management.compiler" value="HotSpot 64-Bit Tiered Compilers"/>
    <property name="os.version" value="10.13.3"/>
    <property name="http.nonProxyHosts" value="local|*.local|169.254/16|*.169.254/16"/>
    <property name="user.home" value="/Users/shiva"/>
    <property name="user.timezone" value="Europe/London"/>
    <property name="java.awt.printerjob" value="sun.lwawt.macosx.CPrinterJob"/>
    <property name="java.specification.version" value="1.8"/>
    <property name="file.encoding" value="UTF-8"/>
    <property name="user.name" value="shiva"/>
    <property name="java.class.path" value="/Users/shiva/workspace/RestAPITestLatest/target/test-classes:/Users/shiva/workspace/RestAPITestLatest/target/classes:/Users/shiva/.m2/repository/com/sun/jersey/jersey-client/1.8/jersey-client-1.8.jar:/Users/shiva/.m2/repository/com/sun/jersey/jersey-core/1.8/jersey-core-1.8.jar:/Users/shiva/.m2/repository/info/cukes/cucumber-java/1.0.14/cucumber-java-1.0.14.jar:/Users/shiva/.m2/repository/info/cukes/cucumber-core/1.0.14/cucumber-core-1.0.14.jar:/Users/shiva/.m2/repository/info/cukes/cucumber-junit/1.0.14/cucumber-junit-1.0.14.jar:/Users/shiva/.m2/repository/junit/junit/4.10/junit-4.10.jar:/Users/shiva/.m2/repository/org/hamcrest/hamcrest-core/1.1/hamcrest-core-1.1.jar:"/>
    <property name="java.vm.specification.version" value="1.8"/>
    <property name="sun.arch.data.model" value="64"/>
    <property name="java.home" value="/Library/Java/JavaVirtualMachines/jdk1.8.0_152.jdk/Contents/Home/jre"/>
    <property name="sun.java.command" value="/var/folders/q8/mzsvfbjn237064jr6t_pr_200000gn/T/surefirebooter8390010480178205233.jar /var/folders/q8/mzsvfbjn237064jr6t_pr_200000gn/T/surefire2071224627641460883tmp /var/folders/q8/mzsvfbjn237064jr6t_pr_200000gn/T/surefire2266607609165242523tmp"/>
    <property name="java.specification.vendor" value="Oracle Corporation"/>
    <property name="user.language" value="en"/>
    <property name="awt.toolkit" value="sun.lwawt.macosx.LWCToolkit"/>
    <property name="java.vm.info" value="mixed mode"/>
    <property name="java.version" value="1.8.0_152"/>
    <property name="java.ext.dirs" value="/Users/shiva/Library/Java/Extensions:/Library/Java/JavaVirtualMachines/jdk1.8.0_152.jdk/Contents/Home/jre/lib/ext:/Library/Java/Extensions:/Network/Library/Java/Extensions:/System/Library/Java/Extensions:/usr/lib/java"/>
    <property name="sun.boot.class.path" value="/Library/Java/JavaVirtualMachines/jdk1.8.0_152.jdk/Contents/Home/jre/lib/resources.jar:/Library/Java/JavaVirtualMachines/jdk1.8.0_152.jdk/Contents/Home/jre/lib/rt.jar:/Library/Java/JavaVirtualMachines/jdk1.8.0_152.jdk/Contents/Home/jre/lib/sunrsasign.jar:/Library/Java/JavaVirtualMachines/jdk1.8.0_152.jdk/Contents/Home/jre/lib/jsse.jar:/Library/Java/JavaVirtualMachines/jdk1.8.0_152.jdk/Contents/Home/jre/lib/jce.jar:/Library/Java/JavaVirtualMachines/jdk1.8.0_152.jdk/Contents/Home/jre/lib/charsets.jar:/Library/Java/JavaVirtualMachines/jdk1.8.0_152.jdk/Contents/Home/jre/lib/jfr.jar:/Library/Java/JavaVirtualMachines/jdk1.8.0_152.jdk/Contents/Home/jre/classes"/>
    <property name="java.vendor" value="Oracle Corporation"/>
    <property name="localRepository" value="/Users/shiva/.m2/repository"/>
    <property name="file.separator" value="/"/>
    <property name="java.vendor.url.bug" value="http://bugreport.sun.com/bugreport/"/>
    <property name="sun.cpu.endian" value="little"/>
    <property name="sun.io.unicode.encoding" value="UnicodeBig"/>
    <property name="socksNonProxyHosts" value="local|*.local|169.254/16|*.169.254/16"/>
    <property name="ftp.nonProxyHosts" value="local|*.local|169.254/16|*.169.254/16"/>
    <property name="sun.cpu.isalist" value=""/>
  </properties>
  <testcase classname="Given New post details &quot;122&quot; &quot;224&quot; &quot;football&quot; &quot;excellent&quot;     " name="Given New post details &quot;122&quot; &quot;224&quot; &quot;football&quot; &quot;excellent&quot;     " time="0.002"/>
  <testcase classname="When Add new post details      " name="When Add new post details      " time="0"/>
  <testcase classname="Then Post added successfully       " name="Then Post added successfully       " time="0"/>
  <testcase classname="| 122 | 224 | football | excellent |    " name="| 122 | 224 | football | excellent |    " time="0.001"/>
  <testcase classname="Given Post Identifier as &quot;224&quot;           " name="Given Post Identifier as &quot;224&quot;           " time="0"/>
  <testcase classname="When Get the post details            " name="When Get the post details            " time="0.002">
    <error message="1" type="java.lang.ArrayIndexOutOfBoundsException">java.lang.ArrayIndexOutOfBoundsException: 1
	at com.unibet.api.tests.AbstractTest.convertResponseToPost(AbstractTest.java:49)
	at com.unibet.api.tests.AbstractTest.getPost(AbstractTest.java:76)
	at com.unibet.api.tests.PostSteps.Get_the_post_details(PostSteps.java:57)
	at ✽.When Get the post details(com/unibet/api/tests/posts.feature:14)
</error>
  </testcase>
  <testcase classname="| 224 |          " name="| 224 |          " time="0.003">
    <error message="1" type="java.lang.ArrayIndexOutOfBoundsException">java.lang.ArrayIndexOutOfBoundsException: 1
	at com.unibet.api.tests.AbstractTest.convertResponseToPost(AbstractTest.java:49)
	at com.unibet.api.tests.AbstractTest.getPost(AbstractTest.java:76)
	at com.unibet.api.tests.PostSteps.Get_the_post_details(PostSteps.java:57)
	at ✽.When Get the post details(com/unibet/api/tests/posts.feature:14)
</error>
  </testcase>
  <testcase classname="Then Verify the retrieved post details with id             " name="Then Verify the retrieved post details with id             " time="0.008">
    <skipped/>
  </testcase>
  <testcase classname="Given Post Id &quot;224&quot; to update &quot;122&quot; &quot;football&quot; &quot;very good&quot;                 " name="Given Post Id &quot;224&quot; to update &quot;122&quot; &quot;football&quot; &quot;very good&quot;                 " time="0"/>
  <testcase classname="When Update the post details                  " name="When Update the post details                  " time="0.001">
    <error message="1" type="java.lang.ArrayIndexOutOfBoundsException">java.lang.ArrayIndexOutOfBoundsException: 1
	at com.unibet.api.tests.AbstractTest.convertResponseToPost(AbstractTest.java:49)
	at com.unibet.api.tests.AbstractTest.updatePost(AbstractTest.java:88)
	at com.unibet.api.tests.PostSteps.Update_the_post_details(PostSteps.java:78)
	at ✽.When Update the post details(com/unibet/api/tests/posts.feature:22)
</error>
  </testcase>
  <testcase classname="| 122 | 224 | football | very good |                " name="| 122 | 224 | football | very good |                " time="0.001">
    <error message="1" type="java.lang.ArrayIndexOutOfBoundsException">java.lang.ArrayIndexOutOfBoundsException: 1
	at com.unibet.api.tests.AbstractTest.convertResponseToPost(AbstractTest.java:49)
	at com.unibet.api.tests.AbstractTest.updatePost(AbstractTest.java:88)
	at com.unibet.api.tests.PostSteps.Update_the_post_details(PostSteps.java:78)
	at ✽.When Update the post details(com/unibet/api/tests/posts.feature:22)
</error>
  </testcase>
  <testcase classname="Then Get the post details as modified &quot;122&quot; &quot;224&quot; &quot;football&quot; &quot;very good&quot;                   " name="Then Get the post details as modified &quot;122&quot; &quot;224&quot; &quot;football&quot; &quot;very good&quot;                   " time="0.003">
    <skipped/>
  </testcase>
  <testcase classname="Given Post Identifier as &quot;224&quot;                       " name="Given Post Identifier as &quot;224&quot;                       " time="0.001"/>
  <testcase classname="When Delete the post details                        " name="When Delete the post details                        " time="0"/>
  <testcase classname="Then Post deleted successfully                         " name="Then Post deleted successfully                         " time="0.001">
    <failure type="junit.framework.AssertionFailedError">junit.framework.AssertionFailedError
	at junit.framework.Assert.fail(Assert.java:48)
	at junit.framework.Assert.assertTrue(Assert.java:20)
	at junit.framework.Assert.assertTrue(Assert.java:27)
	at com.unibet.api.tests.PostSteps.Post_deleted_successfully(PostSteps.java:97)
	at ✽.Then Post deleted successfully(com/unibet/api/tests/posts.feature:31)
</failure>
  </testcase>
  <testcase classname="| 224 |                      " name="| 224 |                      " time="0.001">
    <failure type="junit.framework.AssertionFailedError">junit.framework.AssertionFailedError
	at junit.framework.Assert.fail(Assert.java:48)
	at junit.framework.Assert.assertTrue(Assert.java:20)
	at junit.framework.Assert.assertTrue(Assert.java:27)
	at com.unibet.api.tests.PostSteps.Post_deleted_successfully(PostSteps.java:97)
	at ✽.Then Post deleted successfully(com/unibet/api/tests/posts.feature:31)
</failure>
  </testcase>
</testsuite>